<?xml version="1.0" encoding="UTF-8"?>
<!-- Generated by org.testng.reporters.JUnitXMLReporter -->
<testsuite ignored="0" hostname="LAPTOP-ODIK6SBS" failures="0" tests="5" name="Test" time="12.657" errors="0" timestamp="2026-05-09T15:01:25 BDT">
  <testcase classname="api.tests.AuthTests" name="testLoginUser" time="3.883"/>
  <testcase classname="api.tests.BookingTests" name="test_create_booking" time="1.632"/>
  <testcase classname="api.tests.BookingTests" name="test_read_booking_by_id" time="1.519"/>
  <testcase classname="api.tests.BookingTests" name="test_update_booking" time="1.619"/>
  <testcase classname="api.tests.BookingTests" name="test_delete_booking" time="1.615"/>
</testsuite> <!-- Test -->
