<?xml version="1.0" encoding="UTF-8"?>
<!-- Generated by org.testng.reporters.JUnitReportReporter -->
<testsuite hostname="LAPTOP-ODIK6SBS" failures="0" tests="5" name="api.tests.DDBookingTests" time="30.758" errors="0" timestamp="2026-05-11T00:56:38 BDT" skipped="0">
  <testcase classname="api.tests.DDBookingTests" name="test_booking_crud" time="6.138"/>
  <testcase classname="api.tests.DDBookingTests" name="test_booking_crud" time="6.045"/>
  <testcase classname="api.tests.DDBookingTests" name="test_booking_crud" time="6.145"/>
  <testcase classname="api.tests.DDBookingTests" name="test_booking_crud" time="6.201"/>
  <testcase classname="api.tests.DDBookingTests" name="test_booking_crud" time="6.229"/>
</testsuite> <!-- api.tests.DDBookingTests -->
